{"C:\\Users\\Leonardo\\Documents\\GITHUB\\react_native_tv_guide\\src\\assets\\images\\star.png": {"path":"C:\\Users\\Leonardo\\Documents\\GITHUB\\react_native_tv_guide\\src\\assets\\images\\star.png","statementMap":{"0":{"start":{"line":1,"column":0},"end":{"line":4,"column":6}}},"fnMap":{},"branchMap":{},"s":{"0":1},"f":{},"b":{},"inputSourceMap":null,"_coverageSchema":"1a1c01bbd47fc00a2c39e90264f33305004495a9","hash":"6ab505fbb2d2106bb15f0296d21072124193dab0"}
,"C:\\Users\\Leonardo\\Documents\\GITHUB\\react_native_tv_guide\\src\\components\\ImageIcon\\ImageIcon.tsx": {"path":"C:\\Users\\Leonardo\\Documents\\GITHUB\\react_native_tv_guide\\src\\components\\ImageIcon\\ImageIcon.tsx","statementMap":{"0":{"start":{"line":10,"column":2},"end":{"line":18,"column":4}}},"fnMap":{"0":{"name":"ImageIcon","decl":{"start":{"line":9,"column":16},"end":{"line":9,"column":25}},"loc":{"start":{"line":9,"column":70},"end":{"line":19,"column":1}},"line":9}},"branchMap":{"0":{"loc":{"start":{"line":9,"column":42},"end":{"line":9,"column":51}},"type":"default-arg","locations":[{"start":{"line":9,"column":49},"end":{"line":9,"column":51}}],"line":9}},"s":{"0":2},"f":{"0":2},"b":{"0":[2]},"_coverageSchema":"1a1c01bbd47fc00a2c39e90264f33305004495a9","hash":"6ee28ed221f54c70d89a6419b3bf3a3b0a8e7a8d"}
,"C:\\Users\\Leonardo\\Documents\\GITHUB\\react_native_tv_guide\\src\\components\\StarRating\\StarRating.tsx": {"path":"C:\\Users\\Leonardo\\Documents\\GITHUB\\react_native_tv_guide\\src\\components\\StarRating\\StarRating.tsx","statementMap":{"0":{"start":{"line":8,"column":17},"end":{"line":8,"column":56}},"1":{"start":{"line":14,"column":2},"end":{"line":16,"column":3}},"2":{"start":{"line":15,"column":4},"end":{"line":15,"column":16}},"3":{"start":{"line":18,"column":2},"end":{"line":25,"column":4}},"4":{"start":{"line":28,"column":15},"end":{"line":37,"column":2}}},"fnMap":{"0":{"name":"StarRating","decl":{"start":{"line":13,"column":16},"end":{"line":13,"column":26}},"loc":{"start":{"line":13,"column":44},"end":{"line":26,"column":1}},"line":13}},"branchMap":{"0":{"loc":{"start":{"line":14,"column":2},"end":{"line":16,"column":3}},"type":"if","locations":[{"start":{"line":14,"column":2},"end":{"line":16,"column":3}},{"start":{},"end":{}}],"line":14},"1":{"loc":{"start":{"line":20,"column":29},"end":{"line":20,"column":64}},"type":"cond-expr","locations":[{"start":{"line":20,"column":50},"end":{"line":20,"column":55}},{"start":{"line":20,"column":58},"end":{"line":20,"column":64}}],"line":20}},"s":{"0":1,"1":2,"2":0,"3":2,"4":1},"f":{"0":2},"b":{"0":[0,2],"1":[0,2]},"_coverageSchema":"1a1c01bbd47fc00a2c39e90264f33305004495a9","hash":"5ab3c1d6306fab380717e1674b30d06d08e0e558"}
,"C:\\Users\\Leonardo\\Documents\\GITHUB\\react_native_tv_guide\\src\\models\\CommonModels.ts": {"path":"C:\\Users\\Leonardo\\Documents\\GITHUB\\react_native_tv_guide\\src\\models\\CommonModels.ts","statementMap":{},"fnMap":{},"branchMap":{},"s":{},"f":{},"b":{},"_coverageSchema":"1a1c01bbd47fc00a2c39e90264f33305004495a9","hash":"ea8fc770165f5121235c16fbda5d3e5172113713"}
,"C:\\Users\\Leonardo\\Documents\\GITHUB\\react_native_tv_guide\\src\\services\\api.ts": {"path":"C:\\Users\\Leonardo\\Documents\\GITHUB\\react_native_tv_guide\\src\\services\\api.ts","statementMap":{"0":{"start":{"line":3,"column":24},"end":{"line":3,"column":49}},"1":{"start":{"line":5,"column":19},"end":{"line":7,"column":2}}},"fnMap":{},"branchMap":{},"s":{"0":1,"1":1},"f":{},"b":{},"_coverageSchema":"1a1c01bbd47fc00a2c39e90264f33305004495a9","hash":"a71a83bdf77a4c0b97ed741e70d7176bd602c7a9"}
,"C:\\Users\\Leonardo\\Documents\\GITHUB\\react_native_tv_guide\\src\\styles\\colors.ts": {"path":"C:\\Users\\Leonardo\\Documents\\GITHUB\\react_native_tv_guide\\src\\styles\\colors.ts","statementMap":{"0":{"start":{"line":1,"column":22},"end":{"line":9,"column":1}}},"fnMap":{},"branchMap":{},"s":{"0":1},"f":{},"b":{},"_coverageSchema":"1a1c01bbd47fc00a2c39e90264f33305004495a9","hash":"43d26c3acd78b0072c8bed63be7ba7e73686f361"}
,"C:\\Users\\Leonardo\\Documents\\GITHUB\\react_native_tv_guide\\test\\mocks\\showMocks.ts": {"path":"C:\\Users\\Leonardo\\Documents\\GITHUB\\react_native_tv_guide\\test\\mocks\\showMocks.ts","statementMap":{"0":{"start":{"line":5,"column":19},"end":{"line":34,"column":1}},"1":{"start":{"line":36,"column":26},"end":{"line":63,"column":1}},"2":{"start":{"line":65,"column":26},"end":{"line":92,"column":1}},"3":{"start":{"line":94,"column":27},"end":{"line":121,"column":1}},"4":{"start":{"line":123,"column":27},"end":{"line":150,"column":1}},"5":{"start":{"line":152,"column":20},"end":{"line":152,"column":62}},"6":{"start":{"line":154,"column":25},"end":{"line":161,"column":1}}},"fnMap":{},"branchMap":{},"s":{"0":1,"1":1,"2":1,"3":1,"4":1,"5":1,"6":1},"f":{},"b":{},"_coverageSchema":"1a1c01bbd47fc00a2c39e90264f33305004495a9","hash":"810f6261ac93094fe1cc25cac75e45a6704f1769"}
,"C:\\Users\\Leonardo\\Documents\\GITHUB\\react_native_tv_guide\\test\\server\\handlers.ts": {"path":"C:\\Users\\Leonardo\\Documents\\GITHUB\\react_native_tv_guide\\test\\server\\handlers.ts","statementMap":{"0":{"start":{"line":5,"column":24},"end":{"line":9,"column":1}},"1":{"start":{"line":7,"column":4},"end":{"line":7,"column":66}}},"fnMap":{"0":{"name":"(anonymous_0)","decl":{"start":{"line":6,"column":48},"end":{"line":6,"column":49}},"loc":{"start":{"line":6,"column":68},"end":{"line":8,"column":3}},"line":6}},"branchMap":{},"s":{"0":1,"1":0},"f":{"0":0},"b":{},"_coverageSchema":"1a1c01bbd47fc00a2c39e90264f33305004495a9","hash":"84f4b6ce7a10bc2bd9f2d3b32d60da5cb826d4dd"}
,"C:\\Users\\Leonardo\\Documents\\GITHUB\\react_native_tv_guide\\test\\server\\server.ts": {"path":"C:\\Users\\Leonardo\\Documents\\GITHUB\\react_native_tv_guide\\test\\server\\server.ts","statementMap":{"0":{"start":{"line":4,"column":22},"end":{"line":4,"column":46}}},"fnMap":{},"branchMap":{},"s":{"0":1},"f":{},"b":{},"_coverageSchema":"1a1c01bbd47fc00a2c39e90264f33305004495a9","hash":"998555507e5762ace1b20a3a4517fc88cbc3254c"}
}
