TN:
SF:src\assets\images\star.png
FNF:0
FNH:0
DA:1,1
LF:1
LH:1
BRF:0
BRH:0
end_of_record
TN:
SF:src\components\ImageIcon\ImageIcon.tsx
FN:9,ImageIcon
FNF:1
FNH:1
FNDA:2,ImageIcon
DA:10,2
LF:1
LH:1
BRDA:9,0,0,2
BRF:1
BRH:1
end_of_record
TN:
SF:src\components\StarRating\StarRating.tsx
FN:13,StarRating
FNF:1
FNH:1
FNDA:2,StarRating
DA:8,1
DA:14,2
DA:15,0
DA:18,2
DA:28,1
LF:5
LH:4
BRDA:14,0,0,0
BRDA:14,0,1,2
BRDA:20,1,0,0
BRDA:20,1,1,2
BRF:4
BRH:2
end_of_record
TN:
SF:src\models\CommonModels.ts
FNF:0
FNH:0
LF:0
LH:0
BRF:0
BRH:0
end_of_record
TN:
SF:src\services\api.ts
FNF:0
FNH:0
DA:3,1
DA:5,1
LF:2
LH:2
BRF:0
BRH:0
end_of_record
TN:
SF:src\styles\colors.ts
FNF:0
FNH:0
DA:1,1
LF:1
LH:1
BRF:0
BRH:0
end_of_record
TN:
SF:test\mocks\showMocks.ts
FNF:0
FNH:0
DA:5,1
DA:36,1
DA:65,1
DA:94,1
DA:123,1
DA:152,1
DA:154,1
LF:7
LH:7
BRF:0
BRH:0
end_of_record
TN:
SF:test\server\handlers.ts
FN:6,(anonymous_0)
FNF:1
FNH:0
FNDA:0,(anonymous_0)
DA:5,1
DA:7,0
LF:2
LH:1
BRF:0
BRH:0
end_of_record
TN:
SF:test\server\server.ts
FNF:0
FNH:0
DA:4,1
LF:1
LH:1
BRF:0
BRH:0
end_of_record
